<?xml version="1.0" encoding="UTF-8"?>
<testng-results skipped="0" failed="0" ignored="0" total="1" passed="1">
  <reporter-output>
  </reporter-output>
  <suite name="Surefire suite" duration-ms="51" started-at="2019-07-13T16:56:05Z" finished-at="2019-07-13T16:56:05Z">
    <groups>
    </groups>
    <test name="Surefire test" duration-ms="51" started-at="2019-07-13T16:56:05Z" finished-at="2019-07-13T16:56:05Z">
      <class name="Selenium_Framework.E2E_LakesEdge.AppTest">
        <test-method status="PASS" signature="shouldAnswerWithTrue()" name="shouldAnswerWithTrue" duration-ms="11" started-at="2019-07-13T22:26:05Z" finished-at="2019-07-13T22:26:05Z">
          <reporter-output>
          </reporter-output>
        </test-method> <!-- shouldAnswerWithTrue -->
      </class> <!-- Selenium_Framework.E2E_LakesEdge.AppTest -->
    </test> <!-- Surefire test -->
  </suite> <!-- Surefire suite -->
</testng-results>
