<?xml version="1.0" encoding="UTF-8"?>
<!-- Generated by org.testng.reporters.JUnitXMLReporter -->
<testsuite hostname="sathish-PC" name="Test" tests="2" failures="1" timestamp="14 Jul 2019 18:04:27 GMT" time="24.503" errors="0">
  <testcase name="browserLanuch" time="0.078" classname="Selenium_Framework.E2E_LakesEdge.ValidateTitle$HomePage"/>
  <testcase name="browserLanuch" time="0.081" classname="Selenium_Framework.E2E_LakesEdge.HomePage">
    <failure type="org.openqa.selenium.WebDriverException" message="element click intercepted: Element &amp;lt;a href=&amp;quot;http://qaclickacademy.usefedora.com/sign_in&amp;quot;&amp;gt;...&amp;lt;/a&amp;gt; is not clickable at point (992, 16). Other element would receive the click: &amp;lt;div class=&amp;quot;listbuilder-popup-content&amp;quot;&amp;gt;...&amp;lt;/div&amp;gt;
  (Session info: chrome=75.0.3770.100)
Build info: version: &amp;apos;3.4.0&amp;apos;, revision: &amp;apos;unknown&amp;apos;, time: &amp;apos;unknown&amp;apos;
System info: host: &amp;apos;SATHISH-PC&amp;apos;, ip: &amp;apos;192.168.56.1&amp;apos;, os.name: &amp;apos;Windows 7&amp;apos;, os.arch: &amp;apos;x86&amp;apos;, os.version: &amp;apos;6.1&amp;apos;, java.version: &amp;apos;1.8.0_121&amp;apos;
Driver info: org.openqa.selenium.chrome.ChromeDriver
Capabilities [{networkConnectionEnabled=false, chrome={chromedriverVersion=75.0.3770.90 (a6dcaf7e3ec6f70a194cc25e8149475c6590e025-refs/branch-heads/3770@{#1003}), userDataDir=C:\Users\sathish\AppData\Local\Temp\scoped_dir2956_4445}, timeouts={implicit=0.0, pageLoad=300000.0, script=30000.0}, pageLoadStrategy=normal, unhandledPromptBehavior=dismiss and notify, strictFileInteractability=false, platform=ANY, proxy=Proxy(), goog:chromeOptions={debuggerAddress=localhost:52098}, acceptInsecureCerts=false, browserVersion=75.0.3770.100, browserName=chrome, javascriptEnabled=true, platformName=windows nt, setWindowRect=true}]
Session ID: dda52c4aa759fa65ead6bfde989be204">
      <![CDATA[org.openqa.selenium.WebDriverException: element click intercepted: Element <a href="http://qaclickacademy.usefedora.com/sign_in">...</a> is not clickable at point (992, 16). Other element would receive the click: <div class="listbuilder-popup-content">...</div>
  (Session info: chrome=75.0.3770.100)
Build info: version: '3.4.0', revision: 'unknown', time: 'unknown'
System info: host: 'SATHISH-PC', ip: '192.168.56.1', os.name: 'Windows 7', os.arch: 'x86', os.version: '6.1', java.version: '1.8.0_121'
Driver info: org.openqa.selenium.chrome.ChromeDriver
Capabilities [{networkConnectionEnabled=false, chrome={chromedriverVersion=75.0.3770.90 (a6dcaf7e3ec6f70a194cc25e8149475c6590e025-refs/branch-heads/3770@{#1003}), userDataDir=C:\Users\sathish\AppData\Local\Temp\scoped_dir2956_4445}, timeouts={implicit=0.0, pageLoad=300000.0, script=30000.0}, pageLoadStrategy=normal, unhandledPromptBehavior=dismiss and notify, strictFileInteractability=false, platform=ANY, proxy=Proxy(), goog:chromeOptions={debuggerAddress=localhost:52098}, acceptInsecureCerts=false, browserVersion=75.0.3770.100, browserName=chrome, javascriptEnabled=true, platformName=windows nt, setWindowRect=true}]
Session ID: dda52c4aa759fa65ead6bfde989be204
	at org.openqa.selenium.remote.http.W3CHttpResponseCodec.createException(W3CHttpResponseCodec.java:150)
	at org.openqa.selenium.remote.http.W3CHttpResponseCodec.decode(W3CHttpResponseCodec.java:115)
	at org.openqa.selenium.remote.http.W3CHttpResponseCodec.decode(W3CHttpResponseCodec.java:45)
	at org.openqa.selenium.remote.HttpCommandExecutor.execute(HttpCommandExecutor.java:164)
	at org.openqa.selenium.remote.service.DriverCommandExecutor.execute(DriverCommandExecutor.java:82)
	at org.openqa.selenium.remote.RemoteWebDriver.execute(RemoteWebDriver.java:637)
	at org.openqa.selenium.remote.RemoteWebElement.execute(RemoteWebElement.java:272)
	at org.openqa.selenium.remote.RemoteWebElement.click(RemoteWebElement.java:82)
	at Selenium_Framework.E2E_LakesEdge.HomePage.browserLanuch(HomePage.java:34)
... Removed 28 stack frames]]>
    </failure>
  </testcase> <!-- browserLanuch -->
</testsuite> <!-- Test -->
