<?xml version="1.0" encoding="UTF-8"?>
<testng-results skipped="0" failed="1" ignored="0" total="3" passed="2">
  <reporter-output>
  </reporter-output>
  <suite name="Suite" duration-ms="165496" started-at="2019-07-16T19:20:14Z" finished-at="2019-07-16T19:23:00Z">
    <groups>
    </groups>
    <test name="ValidateTitl" duration-ms="65171" started-at="2019-07-16T19:20:14Z" finished-at="2019-07-16T19:21:19Z">
      <class name="Selenium_Framework.E2E_LakesEdge.ValidateTitle$HomePage">
        <test-method status="PASS" signature="initlazation()[pri:0, instance:Selenium_Framework.E2E_LakesEdge.ValidateTitle$HomePage@a9e4eb]" name="initlazation" is-config="true" duration-ms="64478" started-at="2019-07-17T00:50:14Z" finished-at="2019-07-17T00:51:19Z">
          <reporter-output>
          </reporter-output>
        </test-method> <!-- initlazation -->
        <test-method status="PASS" signature="browserLanuch()[pri:0, instance:Selenium_Framework.E2E_LakesEdge.ValidateTitle$HomePage@a9e4eb]" name="browserLanuch" duration-ms="138" started-at="2019-07-17T00:51:19Z" finished-at="2019-07-17T00:51:19Z">
          <reporter-output>
          </reporter-output>
        </test-method> <!-- browserLanuch -->
        <test-method status="PASS" signature="closeBrow()[pri:0, instance:Selenium_Framework.E2E_LakesEdge.ValidateTitle$HomePage@a9e4eb]" name="closeBrow" is-config="true" duration-ms="506" started-at="2019-07-17T00:51:19Z" finished-at="2019-07-17T00:51:19Z">
          <reporter-output>
          </reporter-output>
        </test-method> <!-- closeBrow -->
      </class> <!-- Selenium_Framework.E2E_LakesEdge.ValidateTitle$HomePage -->
    </test> <!-- ValidateTitl -->
    <test name="HomePage" duration-ms="100122" started-at="2019-07-16T19:21:20Z" finished-at="2019-07-16T19:23:00Z">
      <class name="Selenium_Framework.E2E_LakesEdge.HomePage">
        <test-method status="PASS" signature="initlazation()[pri:0, instance:Selenium_Framework.E2E_LakesEdge.HomePage@1de0b3c]" name="initlazation" is-config="true" duration-ms="7706" started-at="2019-07-17T00:51:20Z" finished-at="2019-07-17T00:51:27Z">
          <reporter-output>
          </reporter-output>
        </test-method> <!-- initlazation -->
        <test-method status="FAIL" signature="browserLanuch(java.lang.String, java.lang.String)[pri:0, instance:Selenium_Framework.E2E_LakesEdge.HomePage@1de0b3c]" name="browserLanuch" duration-ms="41631" started-at="2019-07-17T00:51:27Z" data-provider="getData" finished-at="2019-07-17T00:52:09Z">
          <params>
            <param index="0">
              <value>
                <![CDATA[singapore.sathish141@gmail.com]]>
              </value>
            </param>
            <param index="1">
              <value>
                <![CDATA[Sathish@1986]]>
              </value>
            </param>
          </params>
          <exception class="org.openqa.selenium.WebDriverException">
            <message>
              <![CDATA[element click intercepted: Element <a href="http://qaclickacademy.usefedora.com/sign_in">...</a> is not clickable at point (992, 16). Other element would receive the click: <div class="listbuilder-popup-content">...</div>
  (Session info: chrome=75.0.3770.100)
Build info: version: '3.4.0', revision: 'unknown', time: 'unknown'
System info: host: 'SATHISH-PC', ip: '192.168.56.1', os.name: 'Windows 7', os.arch: 'x86', os.version: '6.1', java.version: '1.8.0_121'
Driver info: org.openqa.selenium.chrome.ChromeDriver
Capabilities [{networkConnectionEnabled=false, chrome={chromedriverVersion=75.0.3770.90 (a6dcaf7e3ec6f70a194cc25e8149475c6590e025-refs/branch-heads/3770@{#1003}), userDataDir=C:\Users\sathish\AppData\Local\Temp\scoped_dir7208_29713}, timeouts={implicit=0.0, pageLoad=300000.0, script=30000.0}, pageLoadStrategy=normal, unhandledPromptBehavior=dismiss and notify, strictFileInteractability=false, platform=ANY, proxy=Proxy(), goog:chromeOptions={debuggerAddress=localhost:54236}, acceptInsecureCerts=false, browserVersion=75.0.3770.100, browserName=chrome, javascriptEnabled=true, platformName=windows nt, setWindowRect=true}]
Session ID: e66206476754ddff83ca1ea8f98370ec]]>
            </message>
            <full-stacktrace>
              <![CDATA[org.openqa.selenium.WebDriverException: element click intercepted: Element <a href="http://qaclickacademy.usefedora.com/sign_in">...</a> is not clickable at point (992, 16). Other element would receive the click: <div class="listbuilder-popup-content">...</div>
  (Session info: chrome=75.0.3770.100)
Build info: version: '3.4.0', revision: 'unknown', time: 'unknown'
System info: host: 'SATHISH-PC', ip: '192.168.56.1', os.name: 'Windows 7', os.arch: 'x86', os.version: '6.1', java.version: '1.8.0_121'
Driver info: org.openqa.selenium.chrome.ChromeDriver
Capabilities [{networkConnectionEnabled=false, chrome={chromedriverVersion=75.0.3770.90 (a6dcaf7e3ec6f70a194cc25e8149475c6590e025-refs/branch-heads/3770@{#1003}), userDataDir=C:\Users\sathish\AppData\Local\Temp\scoped_dir7208_29713}, timeouts={implicit=0.0, pageLoad=300000.0, script=30000.0}, pageLoadStrategy=normal, unhandledPromptBehavior=dismiss and notify, strictFileInteractability=false, platform=ANY, proxy=Proxy(), goog:chromeOptions={debuggerAddress=localhost:54236}, acceptInsecureCerts=false, browserVersion=75.0.3770.100, browserName=chrome, javascriptEnabled=true, platformName=windows nt, setWindowRect=true}]
Session ID: e66206476754ddff83ca1ea8f98370ec
	at sun.reflect.NativeConstructorAccessorImpl.newInstance0(Native Method)
	at sun.reflect.NativeConstructorAccessorImpl.newInstance(NativeConstructorAccessorImpl.java:62)
	at sun.reflect.DelegatingConstructorAccessorImpl.newInstance(DelegatingConstructorAccessorImpl.java:45)
	at java.lang.reflect.Constructor.newInstance(Constructor.java:423)
	at org.openqa.selenium.remote.http.W3CHttpResponseCodec.createException(W3CHttpResponseCodec.java:150)
	at org.openqa.selenium.remote.http.W3CHttpResponseCodec.decode(W3CHttpResponseCodec.java:115)
	at org.openqa.selenium.remote.http.W3CHttpResponseCodec.decode(W3CHttpResponseCodec.java:45)
	at org.openqa.selenium.remote.HttpCommandExecutor.execute(HttpCommandExecutor.java:164)
	at org.openqa.selenium.remote.service.DriverCommandExecutor.execute(DriverCommandExecutor.java:82)
	at org.openqa.selenium.remote.RemoteWebDriver.execute(RemoteWebDriver.java:637)
	at org.openqa.selenium.remote.RemoteWebElement.execute(RemoteWebElement.java:272)
	at org.openqa.selenium.remote.RemoteWebElement.click(RemoteWebElement.java:82)
	at Selenium_Framework.E2E_LakesEdge.HomePage.browserLanuch(HomePage.java:35)
	at sun.reflect.NativeMethodAccessorImpl.invoke0(Native Method)
	at sun.reflect.NativeMethodAccessorImpl.invoke(NativeMethodAccessorImpl.java:62)
	at sun.reflect.DelegatingMethodAccessorImpl.invoke(DelegatingMethodAccessorImpl.java:43)
	at java.lang.reflect.Method.invoke(Method.java:498)
	at org.testng.internal.MethodInvocationHelper.invokeMethod(MethodInvocationHelper.java:108)
	at org.testng.internal.Invoker.invokeMethod(Invoker.java:661)
	at org.testng.internal.Invoker.invokeTestMethod(Invoker.java:869)
	at org.testng.internal.Invoker.invokeTestMethods(Invoker.java:1193)
	at org.testng.internal.TestMethodWorker.invokeTestMethods(TestMethodWorker.java:126)
	at org.testng.internal.TestMethodWorker.run(TestMethodWorker.java:109)
	at org.testng.TestRunner.privateRun(TestRunner.java:744)
	at org.testng.TestRunner.run(TestRunner.java:602)
	at org.testng.SuiteRunner.runTest(SuiteRunner.java:380)
	at org.testng.SuiteRunner.runSequentially(SuiteRunner.java:375)
	at org.testng.SuiteRunner.privateRun(SuiteRunner.java:340)
	at org.testng.SuiteRunner.run(SuiteRunner.java:289)
	at org.testng.SuiteRunnerWorker.runSuite(SuiteRunnerWorker.java:52)
	at org.testng.SuiteRunnerWorker.run(SuiteRunnerWorker.java:86)
	at org.testng.TestNG.runSuitesSequentially(TestNG.java:1301)
	at org.testng.TestNG.runSuitesLocally(TestNG.java:1226)
	at org.testng.TestNG.runSuites(TestNG.java:1144)
	at org.testng.TestNG.run(TestNG.java:1115)
	at org.apache.maven.surefire.testng.TestNGExecutor.run(TestNGExecutor.java:283)
	at org.apache.maven.surefire.testng.TestNGXmlTestSuite.execute(TestNGXmlTestSuite.java:75)
	at org.apache.maven.surefire.testng.TestNGProvider.invoke(TestNGProvider.java:120)
	at org.apache.maven.surefire.booter.ForkedBooter.invokeProviderInSameClassLoader(ForkedBooter.java:386)
	at org.apache.maven.surefire.booter.ForkedBooter.runSuitesInProcess(ForkedBooter.java:323)
	at org.apache.maven.surefire.booter.ForkedBooter.main(ForkedBooter.java:143)
]]>
            </full-stacktrace>
          </exception> <!-- org.openqa.selenium.WebDriverException -->
          <reporter-output>
          </reporter-output>
        </test-method> <!-- browserLanuch -->
        <test-method status="PASS" signature="browserLanuch(java.lang.String, java.lang.String)[pri:0, instance:Selenium_Framework.E2E_LakesEdge.HomePage@1de0b3c]" name="browserLanuch" duration-ms="49439" started-at="2019-07-17T00:52:10Z" data-provider="getData" finished-at="2019-07-17T00:52:59Z">
          <params>
            <param index="0">
              <value>
                <![CDATA[vaishaus@gmail.com]]>
              </value>
            </param>
            <param index="1">
              <value>
                <![CDATA[54321]]>
              </value>
            </param>
          </params>
          <reporter-output>
          </reporter-output>
        </test-method> <!-- browserLanuch -->
        <test-method status="PASS" signature="closeBrow()[pri:0, instance:Selenium_Framework.E2E_LakesEdge.HomePage@1de0b3c]" name="closeBrow" is-config="true" duration-ms="531" started-at="2019-07-17T00:52:59Z" finished-at="2019-07-17T00:53:00Z">
          <reporter-output>
          </reporter-output>
        </test-method> <!-- closeBrow -->
      </class> <!-- Selenium_Framework.E2E_LakesEdge.HomePage -->
    </test> <!-- HomePage -->
  </suite> <!-- Suite -->
</testng-results>
