<?xml version="1.0" encoding="UTF-8"?>
<!-- Generated by org.testng.reporters.JUnitXMLReporter -->
<testsuite hostname="sathish-PC" ignored="0" name="Test" tests="3" failures="0" timestamp="13 Jul 2019 17:14:10 GMT" time="0.008" errors="0">
  <testcase name="home" time="0.0" classname="Selenium_Framework.E2E_LakesEdge.HomeTest"/>
  <testcase name="Login" time="0.001" classname="Selenium_Framework.E2E_LakesEdge.Gmail_LoginTest"/>
  <testcase name="init" time="0.0" classname="Selenium_Framework.E2E_LakesEdge.Gmail_LoginTest"/>
</testsuite> <!-- Test -->
